0 info it worked if it ends with ok
1 verbose cli [ '/usr/bin/node',
1 verbose cli   '/usr/bin/npm',
1 verbose cli   'install',
1 verbose cli   '../../../build/ls' ]
2 info using npm@3.7.2
3 info using node@v5.6.0
4 silly loadCurrentTree Starting
5 silly install loadCurrentTree
6 silly install readLocalPackageData
7 silly fetchPackageMetaData ../../../build/ls
8 silly fetchOtherPackageData ../../../build/ls
9 silly cache add args [ '../../../build/ls', null ]
10 verbose cache add spec ../../../build/ls
11 silly cache add parsed spec Result {
11 silly cache add   raw: '../../../build/ls',
11 silly cache add   scope: null,
11 silly cache add   name: null,
11 silly cache add   rawSpec: '../../../build/ls',
11 silly cache add   spec: '/home/thomas/stage/javascript/typescript/build/ls',
11 silly cache add   type: 'local' }
12 error addLocal Could not install /home/thomas/stage/javascript/typescript/build/ls
13 silly fetchPackageMetaData Error: ENOENT: no such file or directory, open '/home/thomas/stage/javascript/typescript/build/ls'
13 silly fetchPackageMetaData     at Error (native)
13 silly fetchPackageMetaData  error for ../../../build/ls { [Error: ENOENT: no such file or directory, open '/home/thomas/stage/javascript/typescript/build/ls']
13 silly fetchPackageMetaData   errno: -2,
13 silly fetchPackageMetaData   code: 'ENOENT',
13 silly fetchPackageMetaData   syscall: 'open',
13 silly fetchPackageMetaData   path: '/home/thomas/stage/javascript/typescript/build/ls' }
14 silly rollbackFailedOptional Starting
15 silly rollbackFailedOptional Finishing
16 silly runTopLevelLifecycles Starting
17 silly runTopLevelLifecycles Finishing
18 silly install printInstalled
19 verbose stack Error: ENOENT: no such file or directory, open '/home/thomas/stage/javascript/typescript/build/ls'
19 verbose stack     at Error (native)
20 verbose cwd /home/thomas/stage/javascript/typescript/js/apps/proto
21 error Linux 4.4.1-2-ARCH
22 error argv "/usr/bin/node" "/usr/bin/npm" "install" "../../../build/ls"
23 error node v5.6.0
24 error npm  v3.7.2
25 error path /home/thomas/stage/javascript/typescript/build/ls
26 error code ENOENT
27 error errno -2
28 error syscall open
29 error enoent ENOENT: no such file or directory, open '/home/thomas/stage/javascript/typescript/build/ls'
30 error enoent ENOENT: no such file or directory, open '/home/thomas/stage/javascript/typescript/build/ls'
30 error enoent This is most likely not a problem with npm itself
30 error enoent and is related to npm not being able to find a file.
31 verbose exit [ -2, true ]
